# packages in environment at /Users/vinh/opt/miniconda3/envs/bayes:
#
# Name                    Version                   Build  Channel
aiofiles                  22.1.0             pyhd8ed1ab_0    conda-forge
aiosqlite                 0.18.0             pyhd8ed1ab_0    conda-forge
altair                    4.2.2              pyhd8ed1ab_0    conda-forge
anyio                     3.6.2              pyhd8ed1ab_0    conda-forge
appdirs                   1.4.4              pyh9f0ad1d_0    conda-forge
appnope                   0.1.3              pyhd8ed1ab_0    conda-forge
argon2-cffi               21.3.0             pyhd8ed1ab_0    conda-forge
argon2-cffi-bindings      21.2.0          py311h5547dcb_3    conda-forge
arviz                     0.14.0             pyhd8ed1ab_0    conda-forge
asttokens                 2.2.1              pyhd8ed1ab_0    conda-forge
attrs                     22.2.0             pyh71513ae_0    conda-forge
babel                     2.11.0             pyhd8ed1ab_0    conda-forge
backcall                  0.2.0              pyh9f0ad1d_0    conda-forge
backports                 1.0                pyhd8ed1ab_3    conda-forge
backports.functools_lru_cache 1.6.4              pyhd8ed1ab_0    conda-forge
beautifulsoup4            4.11.2             pyha770c72_0    conda-forge
black                     23.1.0                   pypi_0    pypi
blas                      2.116                  openblas    conda-forge
blas-devel                3.9.0           16_osx64_openblas    conda-forge
bleach                    6.0.0              pyhd8ed1ab_0    conda-forge
blinker                   1.5                      pypi_0    pypi
brotli                    1.0.9                hb7f2c08_8    conda-forge
brotli-bin                1.0.9                hb7f2c08_8    conda-forge
brotlipy                  0.7.0           py311h5547dcb_1005    conda-forge
bzip2                     1.0.8                h0d85af4_4    conda-forge
c-ares                    1.18.1               h0d85af4_0    conda-forge
c-compiler                1.5.2                hbf74d83_0    conda-forge
ca-certificates           2022.12.7            h033912b_0    conda-forge
cachecontrol              0.12.11            pyhd8ed1ab_1    conda-forge
cachecontrol-with-filecache 0.12.11            pyhd8ed1ab_1    conda-forge
cachetools                5.3.0              pyhd8ed1ab_0    conda-forge
cachy                     0.3.0              pyhd8ed1ab_1    conda-forge
cctools                   973.0.1             h76f1dac_11    conda-forge
cctools_osx-64            973.0.1             hcc6d90d_11    conda-forge
certifi                   2022.12.7          pyhd8ed1ab_0    conda-forge
cffi                      1.15.1          py311ha86e640_3    conda-forge
cftime                    1.6.2           py311hd5badaa_1    conda-forge
chardet                   5.1.0           py311h6eed73b_0    conda-forge
charset-normalizer        2.1.1              pyhd8ed1ab_0    conda-forge
clang                     14.0.6               h694c41f_0    conda-forge
clang-14                  14.0.6          default_h55ffa42_0    conda-forge
clang_osx-64              14.0.6               h3113cd8_4    conda-forge
clangxx                   14.0.6          default_h55ffa42_0    conda-forge
clangxx_osx-64            14.0.6               h6f97653_4    conda-forge
click                     8.1.3           unix_pyhd8ed1ab_2    conda-forge
click-default-group       1.2.2              pyhd8ed1ab_1    conda-forge
clikit                    0.6.2              pyhd8ed1ab_2    conda-forge
cloudpickle               2.2.1              pyhd8ed1ab_0    conda-forge
colorama                  0.4.6              pyhd8ed1ab_0    conda-forge
comm                      0.1.2              pyhd8ed1ab_0    conda-forge
compiler-rt               14.0.6               h613da45_0    conda-forge
compiler-rt_osx-64        14.0.6               hab78ec2_0    conda-forge
conda                     23.1.0          py311h6eed73b_0    conda-forge
conda-build               3.23.3          py311h6eed73b_1    conda-forge
conda-lock                1.4.0              pyhd8ed1ab_2    conda-forge
conda-package-handling    2.0.2              pyh38be061_0    conda-forge
conda-package-streaming   0.7.0              pyhd8ed1ab_1    conda-forge
cons                      0.4.5              pyhd8ed1ab_0    conda-forge
contourpy                 1.0.7           py311hd2070f0_0    conda-forge
crashtest                 0.4.1              pyhd8ed1ab_0    conda-forge
cryptography              39.0.1          py311h61927ef_0    conda-forge
curl                      7.88.1               h6df9250_0    conda-forge
cxx-compiler              1.5.2                hb8565cd_0    conda-forge
cycler                    0.11.0             pyhd8ed1ab_0    conda-forge
debugpy                   1.6.6           py311h814d153_0    conda-forge
decorator                 5.1.1              pyhd8ed1ab_0    conda-forge
defusedxml                0.7.1              pyhd8ed1ab_0    conda-forge
distlib                   0.3.6              pyhd8ed1ab_0    conda-forge
ensureconda               1.4.3              pyhd8ed1ab_0    conda-forge
entrypoints               0.4                pyhd8ed1ab_0    conda-forge
etuples                   0.3.8              pyhd8ed1ab_0    conda-forge
executing                 1.2.0              pyhd8ed1ab_0    conda-forge
fastprogress              1.0.3              pyhd8ed1ab_0    conda-forge
filelock                  3.9.0              pyhd8ed1ab_0    conda-forge
flake8                    6.0.0                    pypi_0    pypi
flit-core                 3.8.0              pyhd8ed1ab_0    conda-forge
fonttools                 4.38.0          py311h5547dcb_1    conda-forge
freetype                  2.12.1               h3f81eb7_1    conda-forge
gitdb                     4.0.10                   pypi_0    pypi
gitpython                 3.1.31                   pypi_0    pypi
glob2                     0.7                        py_0    conda-forge
hdf4                      4.2.15               h7aa5921_5    conda-forge
hdf5                      1.12.2          nompi_h48135f9_101    conda-forge
html5lib                  1.1                pyh9f0ad1d_0    conda-forge
icu                       70.1                 h96cf925_0    conda-forge
idna                      3.4                pyhd8ed1ab_0    conda-forge
importlib-metadata        6.0.0              pyha770c72_0    conda-forge
importlib_metadata        6.0.0                hd8ed1ab_0    conda-forge
importlib_resources       5.12.0             pyhd8ed1ab_0    conda-forge
ipykernel                 6.21.2             pyh736e0ef_0    conda-forge
ipython                   8.10.0             pyhd1c38e8_0    conda-forge
ipython_genutils          0.2.0                      py_1    conda-forge
jaraco.classes            3.2.3              pyhd8ed1ab_0    conda-forge
jedi                      0.18.2             pyhd8ed1ab_0    conda-forge
jinja2                    3.1.2              pyhd8ed1ab_1    conda-forge
joblib                    1.2.0              pyhd8ed1ab_0    conda-forge
jpeg                      9e                   hb7f2c08_3    conda-forge
json5                     0.9.5              pyh9f0ad1d_0    conda-forge
jsonschema                4.17.3             pyhd8ed1ab_0    conda-forge
jupyter_client            8.0.3              pyhd8ed1ab_0    conda-forge
jupyter_core              5.2.0           py311h6eed73b_0    conda-forge
jupyter_events            0.6.3              pyhd8ed1ab_0    conda-forge
jupyter_server            2.3.0              pyhd8ed1ab_0    conda-forge
jupyter_server_fileid     0.8.0              pyhd8ed1ab_0    conda-forge
jupyter_server_terminals  0.4.4              pyhd8ed1ab_1    conda-forge
jupyter_server_ydoc       0.6.1              pyhd8ed1ab_0    conda-forge
jupyter_ydoc              0.2.2              pyhd8ed1ab_0    conda-forge
jupyterlab                3.6.1              pyhd8ed1ab_0    conda-forge
jupyterlab_pygments       0.2.2              pyhd8ed1ab_0    conda-forge
jupyterlab_server         2.19.0             pyhd8ed1ab_0    conda-forge
jupytext                  1.14.5             pyhcff175f_0    conda-forge
keyring                   23.13.1         py311h6eed73b_0    conda-forge
kiwisolver                1.4.4           py311hd2070f0_1    conda-forge
krb5                      1.20.1               h049b76e_0    conda-forge
lcms2                     2.14                 h29502cd_1    conda-forge
ld64                      609                 hc6ad406_11    conda-forge
ld64_osx-64               609                 hfd63004_11    conda-forge
lerc                      4.0.0                hb486fe8_0    conda-forge
libaec                    1.0.6                hf0c8a7f_1    conda-forge
libarchive                3.6.2                h6d8d9f1_0    conda-forge
libblas                   3.9.0           16_osx64_openblas    conda-forge
libbrotlicommon           1.0.9                hb7f2c08_8    conda-forge
libbrotlidec              1.0.9                hb7f2c08_8    conda-forge
libbrotlienc              1.0.9                hb7f2c08_8    conda-forge
libcblas                  3.9.0           16_osx64_openblas    conda-forge
libclang-cpp14            14.0.6          default_h55ffa42_0    conda-forge
libcurl                   7.88.1               h6df9250_0    conda-forge
libcxx                    15.0.7               h71dddab_0    conda-forge
libdeflate                1.17                 hac1461d_0    conda-forge
libedit                   3.1.20191231         h0678c8f_2    conda-forge
libev                     4.33                 haf1e3a3_1    conda-forge
libffi                    3.4.2                h0d85af4_5    conda-forge
libgfortran               5.0.0           10_4_0_h97931a8_28    conda-forge
libgfortran5              11.3.0              h082f757_28    conda-forge
libiconv                  1.17                 hac89ed1_0    conda-forge
liblapack                 3.9.0           16_osx64_openblas    conda-forge
liblapacke                3.9.0           16_osx64_openblas    conda-forge
liblief                   0.12.3               hf0c8a7f_0    conda-forge
libllvm14                 14.0.6               h5b596cc_1    conda-forge
libnetcdf                 4.9.1           nompi_h56690a0_101    conda-forge
libnghttp2                1.51.0               he2ab024_0    conda-forge
libopenblas               0.3.21          openmp_h429af6e_3    conda-forge
libpng                    1.6.39               ha978bb4_0    conda-forge
libsodium                 1.0.18               hbcb3906_1    conda-forge
libsqlite                 3.40.0               ha978bb4_0    conda-forge
libssh2                   1.10.0               h47af595_3    conda-forge
libtiff                   4.5.0                hee9004a_2    conda-forge
libuv                     1.44.2               hac89ed1_0    conda-forge
libwebp-base              1.2.4                h775f41a_0    conda-forge
libxcb                    1.13              h0d85af4_1004    conda-forge
libxml2                   2.10.3               hb9e07b5_0    conda-forge
libzip                    1.9.2                h6db710c_1    conda-forge
libzlib                   1.2.13               hfd90126_4    conda-forge
llvm-openmp               15.0.7               h61d9ccf_0    conda-forge
llvm-tools                14.0.6               h5b596cc_1    conda-forge
lockfile                  0.12.2                     py_1    conda-forge
logical-unification       0.4.5              pyhd8ed1ab_0    conda-forge
lz4-c                     1.9.4                hf0c8a7f_0    conda-forge
lzo                       2.10              haf1e3a3_1000    conda-forge
markdown-it-py            2.2.0              pyhd8ed1ab_0    conda-forge
markupsafe                2.1.2           py311h5547dcb_0    conda-forge
matplotlib-base           3.7.0           py311h2bf763f_0    conda-forge
matplotlib-inline         0.1.6              pyhd8ed1ab_0    conda-forge
mccabe                    0.7.0                    pypi_0    pypi
mdit-py-plugins           0.3.3              pyhd8ed1ab_0    conda-forge
mdurl                     0.1.0              pyhd8ed1ab_0    conda-forge
minikanren                1.0.3              pyhd8ed1ab_0    conda-forge
mistune                   2.0.5              pyhd8ed1ab_0    conda-forge
mkl                       2022.2.1         h44ed08c_16952    conda-forge
mkl-service               2.4.0           py311h552c0e0_0    conda-forge
more-itertools            9.0.0              pyhd8ed1ab_0    conda-forge
msgpack-python            1.0.4           py311hd2070f0_1    conda-forge
multipledispatch          0.6.0                      py_0    conda-forge
munkres                   1.1.4              pyh9f0ad1d_0    conda-forge
mypy-extensions           1.0.0                    pypi_0    pypi
nbclassic                 0.5.2              pyhd8ed1ab_0    conda-forge
nbclient                  0.7.2              pyhd8ed1ab_0    conda-forge
nbconvert                 7.2.9              pyhd8ed1ab_0    conda-forge
nbconvert-core            7.2.9              pyhd8ed1ab_0    conda-forge
nbconvert-pandoc          7.2.9              pyhd8ed1ab_0    conda-forge
nbformat                  5.7.3              pyhd8ed1ab_0    conda-forge
ncurses                   6.3                  h96cf925_1    conda-forge
nest-asyncio              1.5.6              pyhd8ed1ab_0    conda-forge
netcdf4                   1.6.2           nompi_py311he6f34b2_101    conda-forge
nodeenv                   1.7.0              pyhd8ed1ab_0    conda-forge
nodejs                    18.12.1              hd0c9b3c_0    conda-forge
notebook                  6.5.2              pyha770c72_1    conda-forge
notebook-shim             0.2.2              pyhd8ed1ab_0    conda-forge
numpy                     1.24.2          py311ha9d2c9f_0    conda-forge
openblas                  0.3.21          openmp_hbefa662_3    conda-forge
openjpeg                  2.5.0                h13ac156_2    conda-forge
openssl                   3.0.8                hfd90126_0    conda-forge
packaging                 23.0               pyhd8ed1ab_0    conda-forge
pandas                    1.5.3           py311hd84f3f5_0    conda-forge
pandoc                    2.19.2               h694c41f_1    conda-forge
pandocfilters             1.5.0              pyhd8ed1ab_0    conda-forge
parso                     0.8.3              pyhd8ed1ab_0    conda-forge
pastel                    0.2.1              pyhd8ed1ab_0    conda-forge
patch                     2.7.6             hbcf498f_1002    conda-forge
pathspec                  0.11.0                   pypi_0    pypi
pexpect                   4.8.0              pyh1a96a4e_2    conda-forge
pickleshare               0.7.5                   py_1003    conda-forge
pillow                    9.4.0           py311h5bae705_1    conda-forge
pip                       23.0.1             pyhd8ed1ab_0    conda-forge
pkginfo                   1.9.6              pyhd8ed1ab_0    conda-forge
pkgutil-resolve-name      1.3.10             pyhd8ed1ab_0    conda-forge
platformdirs              3.0.0              pyhd8ed1ab_0    conda-forge
pluggy                    1.0.0              pyhd8ed1ab_5    conda-forge
pooch                     1.6.0              pyhd8ed1ab_0    conda-forge
prometheus_client         0.16.0             pyhd8ed1ab_0    conda-forge
prompt-toolkit            3.0.36             pyha770c72_0    conda-forge
protobuf                  3.20.3                   pypi_0    pypi
psutil                    5.9.4           py311h5547dcb_0    conda-forge
pthread-stubs             0.4               hc929b4f_1001    conda-forge
ptyprocess                0.7.0              pyhd3deb0d_0    conda-forge
pure_eval                 0.2.2              pyhd8ed1ab_0    conda-forge
py-lief                   0.12.3          py311h814d153_0    conda-forge
pyarrow                   11.0.0                   pypi_0    pypi
pycodestyle               2.10.0                   pypi_0    pypi
pycosat                   0.6.4           py311h5547dcb_1    conda-forge
pycparser                 2.21               pyhd8ed1ab_0    conda-forge
pydantic                  1.10.5          py311h5547dcb_0    conda-forge
pydeck                    0.8.0                    pypi_0    pypi
pyflakes                  3.0.1                    pypi_0    pypi
pygments                  2.14.0             pyhd8ed1ab_0    conda-forge
pylev                     1.4.0              pyhd8ed1ab_0    conda-forge
pymc                      5.0.2                hd8ed1ab_0    conda-forge
pymc-base                 5.0.2              pyhd8ed1ab_0    conda-forge
pympler                   1.0.1                    pypi_0    pypi
pyopenssl                 23.0.0             pyhd8ed1ab_0    conda-forge
pyparsing                 3.0.9              pyhd8ed1ab_0    conda-forge
pyright                   1.1.295         py311h5547dcb_0    conda-forge
pyrsistent                0.19.3          py311h5547dcb_0    conda-forge
pysocks                   1.7.1              pyha2e5f31_6    conda-forge
pytensor                  2.9.1           py311h814d153_0    conda-forge
pytensor-base             2.9.1           py311h814d153_0    conda-forge
python                    3.11.0          he7542f4_1_cpython    conda-forge
python-dateutil           2.8.2              pyhd8ed1ab_0    conda-forge
python-fastjsonschema     2.16.3             pyhd8ed1ab_0    conda-forge
python-graphviz           0.20.1                   pypi_0    pypi
python-json-logger        2.0.7              pyhd8ed1ab_0    conda-forge
python-libarchive-c       4.0             py311h6eed73b_2    conda-forge
python_abi                3.11                    3_cp311    conda-forge
pytz                      2022.7.1           pyhd8ed1ab_0    conda-forge
pytz-deprecation-shim     0.1.0.post0              pypi_0    pypi
pyyaml                    6.0             py311h5547dcb_5    conda-forge
pyzmq                     25.0.0          py311habfacb3_0    conda-forge
readline                  8.1.2                h3899abd_0    conda-forge
requests                  2.28.2             pyhd8ed1ab_0    conda-forge
rfc3339-validator         0.1.4              pyhd8ed1ab_0    conda-forge
rfc3986-validator         0.1.1              pyh9f0ad1d_0    conda-forge
rich                      13.3.1                   pypi_0    pypi
ripgrep                   13.0.0               hbbacdb1_2    conda-forge
ruamel.yaml               0.17.21         py311h5547dcb_2    conda-forge
ruamel.yaml.clib          0.2.7           py311h5547dcb_1    conda-forge
scikit-learn              1.2.1           py311h087fafe_0    conda-forge
scipy                     1.10.1          py311h939689b_0    conda-forge
semver                    2.13.0                   pypi_0    pypi
send2trash                1.8.0              pyhd8ed1ab_0    conda-forge
setuptools                65.6.3             pyhd8ed1ab_0    conda-forge
sigtool                   0.1.3                h88f4db0_0    conda-forge
six                       1.16.0             pyh6c4a22f_0    conda-forge
smmap                     5.0.0                    pypi_0    pypi
sniffio                   1.3.0              pyhd8ed1ab_0    conda-forge
soupsieve                 2.3.2.post1        pyhd8ed1ab_0    conda-forge
stack_data                0.6.2              pyhd8ed1ab_0    conda-forge
streamlit                 1.19.0                   pypi_0    pypi
tapi                      1100.0.11            h9ce4665_0    conda-forge
tbb                       2021.8.0             hb8565cd_0    conda-forge
terminado                 0.17.1             pyhd1c38e8_0    conda-forge
threadpoolctl             3.1.0              pyh8a188c0_0    conda-forge
tinycss2                  1.2.1              pyhd8ed1ab_0    conda-forge
tk                        8.6.12               h5dbffcc_0    conda-forge
toml                      0.10.2             pyhd8ed1ab_0    conda-forge
tomli                     2.0.1              pyhd8ed1ab_0    conda-forge
tomlkit                   0.11.6             pyha770c72_0    conda-forge
toolz                     0.12.0             pyhd8ed1ab_0    conda-forge
tornado                   6.2             py311h5547dcb_1    conda-forge
tqdm                      4.64.1             pyhd8ed1ab_0    conda-forge
traitlets                 5.9.0              pyhd8ed1ab_0    conda-forge
typing                    3.10.0.0           pyhd8ed1ab_0    conda-forge
typing-extensions         4.4.0                hd8ed1ab_0    conda-forge
typing_extensions         4.4.0              pyha770c72_0    conda-forge
tzdata                    2022.7                   pypi_0    pypi
tzlocal                   4.2                      pypi_0    pypi
urllib3                   1.26.14            pyhd8ed1ab_0    conda-forge
validators                0.20.0                   pypi_0    pypi
vega_datasets             0.9.0              pyhd3deb0d_0    conda-forge
virtualenv                20.19.0            pyhd8ed1ab_0    conda-forge
wcwidth                   0.2.6              pyhd8ed1ab_0    conda-forge
webencodings              0.5.1                      py_1    conda-forge
websocket-client          1.5.1              pyhd8ed1ab_0    conda-forge
wheel                     0.38.4             pyhd8ed1ab_0    conda-forge
xarray                    2023.2.0           pyhd8ed1ab_0    conda-forge
xarray-einstats           0.5.1              pyhd8ed1ab_0    conda-forge
xorg-libxau               1.0.9                h35c211d_0    conda-forge
xorg-libxdmcp             1.1.3                h35c211d_0    conda-forge
xz                        5.2.6                h775f41a_0    conda-forge
y-py                      0.5.9           py311h890d03e_0    conda-forge
yaml                      0.2.5                h0d85af4_2    conda-forge
ypy-websocket             0.8.2              pyhd8ed1ab_0    conda-forge
zeromq                    4.3.4                he49afe7_1    conda-forge
zipp                      3.15.0             pyhd8ed1ab_0    conda-forge
zlib                      1.2.13               hfd90126_4    conda-forge
zstandard                 0.19.0          py311hebd4beb_1    conda-forge
zstd                      1.5.2                hbc0c0cd_6    conda-forge
